{
  "stats": {
    "suites": 3,
    "tests": 2,
    "passes": 1,
    "pending": 0,
    "failures": 1,
    "start": "2018-03-19T11:20:50.757Z",
    "end": "2018-03-19T11:20:50.833Z",
    "duration": 76,
    "testsRegistered": 2,
    "passPercent": 50,
    "pendingPercent": 0,
    "other": 0,
    "hasOther": false,
    "skipped": 0,
    "hasSkipped": false,
    "passPercentClass": "danger",
    "pendingPercentClass": "danger"
  },
  "suites": {
    "uuid": "70876cc8-29f9-4765-a757-7edcace7b862",
    "title": "",
    "fullFile": "",
    "file": "",
    "beforeHooks": [],
    "afterHooks": [],
    "tests": [],
    "suites": [
      {
        "uuid": "4e61d4aa-c7ca-4a43-8d1d-cd961ba9330d",
        "title": "NodeUII自动化测试脚本",
        "fullFile": "D:\\study\\growup\\test\\service\\router.spec.js",
        "file": "\\test\\service\\router.spec.js",
        "beforeHooks": [],
        "afterHooks": [],
        "tests": [],
        "suites": [
          {
            "uuid": "43bbcefc-6b2d-4a09-8099-cc289eb411f0",
            "title": "API接口测试",
            "fullFile": "D:\\study\\growup\\test\\service\\router.spec.js",
            "file": "\\test\\service\\router.spec.js",
            "beforeHooks": [],
            "afterHooks": [],
            "tests": [
              {
                "title": "获取测试数据",
                "fullTitle": "NodeUII自动化测试脚本 API接口测试 获取测试数据",
                "timedOut": false,
                "duration": 45,
                "state": "passed",
                "speed": "medium",
                "pass": true,
                "fail": false,
                "pending": false,
                "code": "request()\n    .get('/')\n    .set('Accept', 'application/json')\n    .expect('Content-Type', /json/)\n    .expect(200)\n    .end(function(err, response) {\n        console.log(\"111111111111111:\"+ response.body.data);\n        if(response.body.data === \"Hello home\") {\n            done();\n        } else {\n            done(new Error(\"测试数据不对\"));\n        }\n    })",
                "err": {},
                "isRoot": false,
                "uuid": "eb139328-7ce2-4b20-9294-14dc0aaa6e1b",
                "isHook": false,
                "skipped": false
              }
            ],
            "suites": [],
            "passes": [
              "eb139328-7ce2-4b20-9294-14dc0aaa6e1b"
            ],
            "failures": [],
            "pending": [],
            "skipped": [],
            "duration": 45,
            "root": false,
            "rootEmpty": false,
            "_timeout": 2000
          },
          {
            "uuid": "6f4a16c9-aa0e-4c15-ad7b-69e79ce4198a",
            "title": "容错测试",
            "fullFile": "D:\\study\\growup\\test\\service\\router.spec.js",
            "file": "\\test\\service\\router.spec.js",
            "beforeHooks": [],
            "afterHooks": [],
            "tests": [
              {
                "title": "测试404脚本容错http code",
                "fullTitle": "NodeUII自动化测试脚本 容错测试 测试404脚本容错http code",
                "timedOut": false,
                "duration": 9,
                "state": "failed",
                "pass": false,
                "fail": true,
                "pending": false,
                "code": "request()\n.get(\"/message/notfound\")\n.expect(500,done);",
                "err": {
                  "message": "Error: expected 500 \"Internal Server Error\", got 404 \"Not Found\"",
                  "estack": "Error: expected 500 \"Internal Server Error\", got 404 \"Not Found\"\n    at Test._assertStatus (node_modules\\_supertest@3.0.0@supertest\\lib\\test.js:266:12)\n    at Test._assertFunction (node_modules\\_supertest@3.0.0@supertest\\lib\\test.js:281:11)\n    at Test.assert (node_modules\\_supertest@3.0.0@supertest\\lib\\test.js:171:18)\n    at assert (node_modules\\_supertest@3.0.0@supertest\\lib\\test.js:131:12)\n    at D:\\study\\growup\\node_modules\\_supertest@3.0.0@supertest\\lib\\test.js:128:5\n    at Test.Request.callback (node_modules\\_superagent@3.8.2@superagent\\lib\\node\\index.js:718:3)\n    at IncomingMessage.parser (node_modules\\_superagent@3.8.2@superagent\\lib\\node\\index.js:906:18)\n    at endReadableNT (_stream_readable.js:974:12)\n    at _combinedTickCallback (internal/process/next_tick.js:74:11)\n    at process._tickCallback (internal/process/next_tick.js:98:9)"
                },
                "isRoot": false,
                "uuid": "000e6f1f-45f3-4517-b83e-0780819065b6",
                "isHook": false,
                "skipped": false
              }
            ],
            "suites": [],
            "passes": [],
            "failures": [
              "000e6f1f-45f3-4517-b83e-0780819065b6"
            ],
            "pending": [],
            "skipped": [],
            "duration": 9,
            "root": false,
            "rootEmpty": false,
            "_timeout": 2000
          }
        ],
        "passes": [],
        "failures": [],
        "pending": [],
        "skipped": [],
        "duration": 0,
        "root": false,
        "rootEmpty": false,
        "_timeout": 2000
      }
    ],
    "passes": [],
    "failures": [],
    "pending": [],
    "skipped": [],
    "duration": 0,
    "root": true,
    "rootEmpty": true,
    "_timeout": 2000
  },
  "copyrightYear": 2018
}